<?xml version="1.0" encoding="UTF-8"?>
<testng-results ignored="0" total="1" passed="1" failed="0" skipped="0">
  <reporter-output>
  </reporter-output>
  <suite started-at="2023-08-28T19:28:19 EDT" name="Default suite" finished-at="2023-08-28T19:28:52 EDT" duration-ms="32837">
    <groups>
    </groups>
    <test started-at="2023-08-28T19:28:19 EDT" name="Default test" finished-at="2023-08-28T19:28:52 EDT" duration-ms="32837">
      <class name="ActionClassDemo.GetTitle">
        <test-method signature="m1()[pri:0, instance:ActionClassDemo.GetTitle@7bab3f1a]" started-at="2023-08-28T19:28:19 EDT" name="m1" finished-at="2023-08-28T19:28:52 EDT" duration-ms="32714" status="PASS">
          <reporter-output>
          </reporter-output>
        </test-method> <!-- m1 -->
      </class> <!-- ActionClassDemo.GetTitle -->
    </test> <!-- Default test -->
  </suite> <!-- Default suite -->
</testng-results>
